<?xml version="1.0" encoding="UTF-8"?>
<testng-results skipped="0" failed="0" ignored="0" total="1" passed="1">
  <reporter-output>
  </reporter-output>
  <suite name="Default suite" duration-ms="65194" started-at="2022-06-15T03:55:08 BDT" finished-at="2022-06-15T03:56:13 BDT">
    <groups>
    </groups>
    <test name="Default test" duration-ms="65194" started-at="2022-06-15T03:55:08 BDT" finished-at="2022-06-15T03:56:13 BDT">
      <class name="testcase.Registration">
        <test-method status="PASS" signature="setup()[pri:0, instance:testcase.Registration@7e9a5fbe]" name="setup" is-config="true" duration-ms="4724" started-at="2022-06-15T03:55:03 BDT" finished-at="2022-06-15T03:55:08 BDT">
          <reporter-output>
          </reporter-output>
        </test-method> <!-- setup -->
        <test-method status="PASS" signature="login()[pri:0, instance:testcase.Registration@7e9a5fbe]" name="login" duration-ms="65162" started-at="2022-06-15T03:55:08 BDT" finished-at="2022-06-15T03:56:13 BDT">
          <reporter-output>
          </reporter-output>
        </test-method> <!-- login -->
        <test-method status="PASS" signature="tearDown()[pri:0, instance:testcase.Registration@7e9a5fbe]" name="tearDown" is-config="true" duration-ms="709" started-at="2022-06-15T03:56:13 BDT" finished-at="2022-06-15T03:56:14 BDT">
          <reporter-output>
          </reporter-output>
        </test-method> <!-- tearDown -->
      </class> <!-- testcase.Registration -->
    </test> <!-- Default test -->
  </suite> <!-- Default suite -->
</testng-results>
